<?xml version="1.0" encoding="UTF-8"?>
<testsuite name="com.shop.test.domain.posts.PostsRepositoryTest" tests="2" skipped="0" failures="0" errors="0" timestamp="2022-01-13T08:56:35" hostname="DESKTOP-DPQB6QV" time="0.454">
  <properties/>
  <testcase name="게시글저장_불러오기" classname="com.shop.test.domain.posts.PostsRepositoryTest" time="0.434"/>
  <testcase name="BaseTimeEntity_등록" classname="com.shop.test.domain.posts.PostsRepositoryTest" time="0.019"/>
  <system-out><![CDATA[2022-01-13 17:56:29.398  INFO 15916 --- [    Test worker] .b.t.c.SpringBootTestContextBootstrapper : Neither @ContextConfiguration nor @ContextHierarchy found for test class [com.shop.test.domain.posts.PostsRepositoryTest], using SpringBootContextLoader
2022-01-13 17:56:29.399  INFO 15916 --- [    Test worker] o.s.t.c.support.AbstractContextLoader    : Could not detect default resource locations for test class [com.shop.test.domain.posts.PostsRepositoryTest]: no resource found for suffixes {-context.xml, Context.groovy}.
2022-01-13 17:56:29.399  INFO 15916 --- [    Test worker] t.c.s.AnnotationConfigContextLoaderUtils : Could not detect default configuration classes for test class [com.shop.test.domain.posts.PostsRepositoryTest]: PostsRepositoryTest does not declare any static, non-private, non-final, nested classes annotated with @Configuration.
2022-01-13 17:56:29.410  INFO 15916 --- [    Test worker] .b.t.c.SpringBootTestContextBootstrapper : Found @SpringBootConfiguration com.shop.test.Application for test class com.shop.test.domain.posts.PostsRepositoryTest
2022-01-13 17:56:29.412  INFO 15916 --- [    Test worker] .b.t.c.SpringBootTestContextBootstrapper : Loaded default TestExecutionListener class names from location [META-INF/spring.factories]: [org.springframework.security.test.context.support.WithSecurityContextTestExecutionListener, org.springframework.security.test.context.support.ReactorContextTestExecutionListener, org.springframework.boot.test.autoconfigure.restdocs.RestDocsTestExecutionListener, org.springframework.boot.test.autoconfigure.web.client.MockRestServiceServerResetTestExecutionListener, org.springframework.boot.test.autoconfigure.web.servlet.MockMvcPrintOnlyOnFailureTestExecutionListener, org.springframework.boot.test.autoconfigure.web.servlet.WebDriverTestExecutionListener, org.springframework.boot.test.mock.mockito.MockitoTestExecutionListener, org.springframework.boot.test.mock.mockito.ResetMocksTestExecutionListener, org.springframework.test.context.web.ServletTestExecutionListener, org.springframework.test.context.support.DirtiesContextBeforeModesTestExecutionListener, org.springframework.test.context.support.DependencyInjectionTestExecutionListener, org.springframework.test.context.support.DirtiesContextTestExecutionListener, org.springframework.test.context.transaction.TransactionalTestExecutionListener, org.springframework.test.context.jdbc.SqlScriptsTestExecutionListener]
2022-01-13 17:56:29.413  INFO 15916 --- [    Test worker] .b.t.c.SpringBootTestContextBootstrapper : Using TestExecutionListeners: [org.springframework.test.context.web.ServletTestExecutionListener@4eca7366, org.springframework.test.context.support.DirtiesContextBeforeModesTestExecutionListener@7f69e652, org.springframework.boot.test.mock.mockito.MockitoTestExecutionListener@77aaa3eb, org.springframework.boot.test.autoconfigure.SpringBootDependencyInjectionTestExecutionListener@47add8bd, org.springframework.test.context.support.DirtiesContextTestExecutionListener@5ae1c26d, org.springframework.test.context.transaction.TransactionalTestExecutionListener@6a0ae415, org.springframework.test.context.jdbc.SqlScriptsTestExecutionListener@489db744, org.springframework.security.test.context.support.WithSecurityContextTestExecutionListener@61dcf6da, org.springframework.security.test.context.support.ReactorContextTestExecutionListener@357ab226, org.springframework.boot.test.autoconfigure.restdocs.RestDocsTestExecutionListener@8edc2d0, org.springframework.boot.test.autoconfigure.web.client.MockRestServiceServerResetTestExecutionListener@2def731e, org.springframework.boot.test.autoconfigure.web.servlet.MockMvcPrintOnlyOnFailureTestExecutionListener@2b833a5f, org.springframework.boot.test.autoconfigure.web.servlet.WebDriverTestExecutionListener@4b08568b, org.springframework.boot.test.mock.mockito.ResetMocksTestExecutionListener@2d95e678]

  .   ____          _            __ _ _
 /\\ / ___'_ __ _ _(_)_ __  __ _ \ \ \ \
( ( )\___ | '_ | '_| | '_ \/ _` | \ \ \ \
 \\/  ___)| |_)| | | | | || (_| |  ) ) ) )
  '  |____| .__|_| |_|_| |_\__, | / / / /
 =========|_|==============|___/=/_/_/_/
 :: Spring Boot ::        (v2.1.7.RELEASE)

2022-01-13 17:56:29.435  INFO 15916 --- [    Test worker] c.s.t.domain.posts.PostsRepositoryTest   : Starting PostsRepositoryTest on DESKTOP-DPQB6QV with PID 15916 (started by user in C:\workspace\prac_shop)
2022-01-13 17:56:29.435  INFO 15916 --- [    Test worker] c.s.t.domain.posts.PostsRepositoryTest   : No active profile set, falling back to default profiles: default
2022-01-13 17:56:29.835  INFO 15916 --- [    Test worker] .s.d.r.c.RepositoryConfigurationDelegate : Bootstrapping Spring Data repositories in DEFAULT mode.
2022-01-13 17:56:29.910  INFO 15916 --- [    Test worker] .s.d.r.c.RepositoryConfigurationDelegate : Finished Spring Data repository scanning in 64ms. Found 2 repository interfaces.
2022-01-13 17:56:30.238  INFO 15916 --- [    Test worker] trationDelegate$BeanPostProcessorChecker : Bean 'org.springframework.transaction.annotation.ProxyTransactionManagementConfiguration' of type [org.springframework.transaction.annotation.ProxyTransactionManagementConfiguration$$EnhancerBySpringCGLIB$$53d9916d] is not eligible for getting processed by all BeanPostProcessors (for example: not eligible for auto-proxying)
2022-01-13 17:56:30.430  INFO 15916 --- [    Test worker] com.zaxxer.hikari.HikariDataSource       : HikariPool-1 - Starting...
2022-01-13 17:56:30.664  INFO 15916 --- [    Test worker] com.zaxxer.hikari.HikariDataSource       : HikariPool-1 - Start completed.
2022-01-13 17:56:30.761  INFO 15916 --- [    Test worker] o.hibernate.jpa.internal.util.LogHelper  : HHH000204: Processing PersistenceUnitInfo [
	name: default
	...]
2022-01-13 17:56:30.846  INFO 15916 --- [    Test worker] org.hibernate.Version                    : HHH000412: Hibernate Core {5.3.10.Final}
2022-01-13 17:56:30.848  INFO 15916 --- [    Test worker] org.hibernate.cfg.Environment            : HHH000206: hibernate.properties not found
2022-01-13 17:56:30.913  INFO 15916 --- [    Test worker] o.hibernate.annotations.common.Version   : HCANN000001: Hibernate Commons Annotations {5.0.4.Final}
2022-01-13 17:56:31.169  INFO 15916 --- [    Test worker] org.hibernate.dialect.Dialect            : HHH000400: Using dialect: org.hibernate.dialect.MySQL5InnoDBDialect
Hibernate: drop table if exists posts
Hibernate: drop table if exists user
Hibernate: create table posts (id bigint not null auto_increment, created_date datetime, modified_date datetime, author varchar(255), content TEXT not null, title varchar(500) not null, primary key (id)) engine=InnoDB
Hibernate: create table user (id bigint not null auto_increment, created_date datetime, modified_date datetime, email varchar(255) not null, name varchar(255) not null, picture varchar(255), role varchar(255) not null, primary key (id)) engine=InnoDB
2022-01-13 17:56:32.347  INFO 15916 --- [    Test worker] o.h.t.schema.internal.SchemaCreatorImpl  : HHH000476: Executing import script 'org.hibernate.tool.schema.internal.exec.ScriptSourceInputNonExistentImpl@1170127d'
2022-01-13 17:56:32.353  INFO 15916 --- [    Test worker] j.LocalContainerEntityManagerFactoryBean : Initialized JPA EntityManagerFactory for persistence unit 'default'
2022-01-13 17:56:33.290  INFO 15916 --- [    Test worker] o.h.h.i.QueryTranslatorFactoryInitiator  : HHH000397: Using ASTQueryTranslatorFactory
2022-01-13 17:56:33.956  INFO 15916 --- [    Test worker] o.s.s.web.DefaultSecurityFilterChain     : Creating filter chain: any request, [org.springframework.security.web.context.request.async.WebAsyncManagerIntegrationFilter@5a9444c5, org.springframework.security.web.context.SecurityContextPersistenceFilter@7be0937f, org.springframework.security.web.header.HeaderWriterFilter@5c6a40e9, org.springframework.security.web.authentication.logout.LogoutFilter@6701a199, org.springframework.security.oauth2.client.web.OAuth2AuthorizationRequestRedirectFilter@711e80e, org.springframework.security.oauth2.client.web.OAuth2LoginAuthenticationFilter@1c931e89, org.springframework.security.web.authentication.ui.DefaultLoginPageGeneratingFilter@1805b28d, org.springframework.security.web.authentication.ui.DefaultLogoutPageGeneratingFilter@3d52e395, org.springframework.security.web.savedrequest.RequestCacheAwareFilter@1ea72aad, org.springframework.security.web.servletapi.SecurityContextHolderAwareRequestFilter@10c44c98, org.springframework.security.web.authentication.AnonymousAuthenticationFilter@3931c5e0, org.springframework.security.web.session.SessionManagementFilter@f60f538, org.springframework.security.web.access.ExceptionTranslationFilter@7f03443a, org.springframework.security.web.access.intercept.FilterSecurityInterceptor@517a5ad7]
2022-01-13 17:56:34.722  INFO 15916 --- [    Test worker] o.s.s.concurrent.ThreadPoolTaskExecutor  : Initializing ExecutorService 'applicationTaskExecutor'
2022-01-13 17:56:34.754  WARN 15916 --- [    Test worker] aWebConfiguration$JpaWebMvcConfiguration : spring.jpa.open-in-view is enabled by default. Therefore, database queries may be performed during view rendering. Explicitly configure spring.jpa.open-in-view to disable this warning
2022-01-13 17:56:34.814  INFO 15916 --- [    Test worker] o.s.b.a.w.s.WelcomePageHandlerMapping    : Adding welcome page template: index
2022-01-13 17:56:35.890  INFO 15916 --- [    Test worker] s.a.ScheduledAnnotationBeanPostProcessor : No TaskScheduler/ScheduledExecutorService bean found for scheduled processing
2022-01-13 17:56:35.909  INFO 15916 --- [    Test worker] c.s.t.domain.posts.PostsRepositoryTest   : Started PostsRepositoryTest in 6.494 seconds (JVM running for 9.552)
Hibernate: insert into posts (created_date, modified_date, author, content, title) values (?, ?, ?, ?, ?)
Hibernate: select posts0_.id as id1_0_, posts0_.created_date as created_2_0_, posts0_.modified_date as modified3_0_, posts0_.author as author4_0_, posts0_.content as content5_0_, posts0_.title as title6_0_ from posts posts0_
Hibernate: select posts0_.id as id1_0_, posts0_.created_date as created_2_0_, posts0_.modified_date as modified3_0_, posts0_.author as author4_0_, posts0_.content as content5_0_, posts0_.title as title6_0_ from posts posts0_
Hibernate: delete from posts where id=?
Hibernate: insert into posts (created_date, modified_date, author, content, title) values (?, ?, ?, ?, ?)
Hibernate: select posts0_.id as id1_0_, posts0_.created_date as created_2_0_, posts0_.modified_date as modified3_0_, posts0_.author as author4_0_, posts0_.content as content5_0_, posts0_.title as title6_0_ from posts posts0_
>>>>>>>>>> createDate=2022-01-13T17:56:36.355, modifiedDate()=2022-01-13T17:56:36.355
Hibernate: select posts0_.id as id1_0_, posts0_.created_date as created_2_0_, posts0_.modified_date as modified3_0_, posts0_.author as author4_0_, posts0_.content as content5_0_, posts0_.title as title6_0_ from posts posts0_
Hibernate: delete from posts where id=?
]]></system-out>
  <system-err><![CDATA[]]></system-err>
</testsuite>
