<?xml version="1.0" encoding="UTF-8"?>
<testsuite name="com.shop.test.web.PostsApiControllerTest" tests="2" skipped="0" failures="0" errors="0" timestamp="2022-01-13T08:56:41" hostname="DESKTOP-DPQB6QV" time="0.233">
  <properties/>
  <testcase name="Posts_등록된다" classname="com.shop.test.web.PostsApiControllerTest" time="0.173"/>
  <testcase name="Posts_수정된다" classname="com.shop.test.web.PostsApiControllerTest" time="0.059"/>
  <system-out><![CDATA[2022-01-13 17:56:41.254  INFO 15916 --- [    Test worker] .b.t.c.SpringBootTestContextBootstrapper : Neither @ContextConfiguration nor @ContextHierarchy found for test class [com.shop.test.web.PostsApiControllerTest], using SpringBootContextLoader
2022-01-13 17:56:41.256  INFO 15916 --- [    Test worker] o.s.t.c.support.AbstractContextLoader    : Could not detect default resource locations for test class [com.shop.test.web.PostsApiControllerTest]: no resource found for suffixes {-context.xml, Context.groovy}.
2022-01-13 17:56:41.256  INFO 15916 --- [    Test worker] t.c.s.AnnotationConfigContextLoaderUtils : Could not detect default configuration classes for test class [com.shop.test.web.PostsApiControllerTest]: PostsApiControllerTest does not declare any static, non-private, non-final, nested classes annotated with @Configuration.
2022-01-13 17:56:41.260  INFO 15916 --- [    Test worker] .b.t.c.SpringBootTestContextBootstrapper : Found @SpringBootConfiguration com.shop.test.Application for test class com.shop.test.web.PostsApiControllerTest
2022-01-13 17:56:41.263  INFO 15916 --- [    Test worker] .b.t.c.SpringBootTestContextBootstrapper : Loaded default TestExecutionListener class names from location [META-INF/spring.factories]: [org.springframework.security.test.context.support.WithSecurityContextTestExecutionListener, org.springframework.security.test.context.support.ReactorContextTestExecutionListener, org.springframework.boot.test.autoconfigure.restdocs.RestDocsTestExecutionListener, org.springframework.boot.test.autoconfigure.web.client.MockRestServiceServerResetTestExecutionListener, org.springframework.boot.test.autoconfigure.web.servlet.MockMvcPrintOnlyOnFailureTestExecutionListener, org.springframework.boot.test.autoconfigure.web.servlet.WebDriverTestExecutionListener, org.springframework.boot.test.mock.mockito.MockitoTestExecutionListener, org.springframework.boot.test.mock.mockito.ResetMocksTestExecutionListener, org.springframework.test.context.web.ServletTestExecutionListener, org.springframework.test.context.support.DirtiesContextBeforeModesTestExecutionListener, org.springframework.test.context.support.DependencyInjectionTestExecutionListener, org.springframework.test.context.support.DirtiesContextTestExecutionListener, org.springframework.test.context.transaction.TransactionalTestExecutionListener, org.springframework.test.context.jdbc.SqlScriptsTestExecutionListener]
2022-01-13 17:56:41.265  INFO 15916 --- [    Test worker] .b.t.c.SpringBootTestContextBootstrapper : Using TestExecutionListeners: [org.springframework.test.context.web.ServletTestExecutionListener@428f26df, org.springframework.test.context.support.DirtiesContextBeforeModesTestExecutionListener@71f59ae6, org.springframework.boot.test.mock.mockito.MockitoTestExecutionListener@81a908c, org.springframework.boot.test.autoconfigure.SpringBootDependencyInjectionTestExecutionListener@5f12714, org.springframework.test.context.support.DirtiesContextTestExecutionListener@3e7340ab, org.springframework.test.context.transaction.TransactionalTestExecutionListener@630ccf29, org.springframework.test.context.jdbc.SqlScriptsTestExecutionListener@3f4ead34, org.springframework.security.test.context.support.WithSecurityContextTestExecutionListener@330bf44e, org.springframework.security.test.context.support.ReactorContextTestExecutionListener@17d99c9c, org.springframework.boot.test.autoconfigure.restdocs.RestDocsTestExecutionListener@12a97cc9, org.springframework.boot.test.autoconfigure.web.client.MockRestServiceServerResetTestExecutionListener@584444a5, org.springframework.boot.test.autoconfigure.web.servlet.MockMvcPrintOnlyOnFailureTestExecutionListener@34816267, org.springframework.boot.test.autoconfigure.web.servlet.WebDriverTestExecutionListener@6fe72517, org.springframework.boot.test.mock.mockito.ResetMocksTestExecutionListener@36715316]
2022-01-13 17:56:41.288  INFO 15916 --- [    Test worker] o.a.c.c.C.[Tomcat].[localhost].[/]       : Initializing Spring TestDispatcherServlet ''
2022-01-13 17:56:41.289  INFO 15916 --- [    Test worker] o.s.t.web.servlet.TestDispatcherServlet  : Initializing Servlet ''
2022-01-13 17:56:41.295  INFO 15916 --- [    Test worker] o.s.t.web.servlet.TestDispatcherServlet  : Completed initialization in 6 ms
Hibernate: insert into posts (created_date, modified_date, author, content, title) values (?, ?, ?, ?, ?)
Hibernate: select posts0_.id as id1_0_, posts0_.created_date as created_2_0_, posts0_.modified_date as modified3_0_, posts0_.author as author4_0_, posts0_.content as content5_0_, posts0_.title as title6_0_ from posts posts0_
Hibernate: select posts0_.id as id1_0_, posts0_.created_date as created_2_0_, posts0_.modified_date as modified3_0_, posts0_.author as author4_0_, posts0_.content as content5_0_, posts0_.title as title6_0_ from posts posts0_
Hibernate: delete from posts where id=?
2022-01-13 17:56:41.453  INFO 15916 --- [    Test worker] o.a.c.c.C.[Tomcat].[localhost].[/]       : Initializing Spring TestDispatcherServlet ''
2022-01-13 17:56:41.453  INFO 15916 --- [    Test worker] o.s.t.web.servlet.TestDispatcherServlet  : Initializing Servlet ''
2022-01-13 17:56:41.459  INFO 15916 --- [    Test worker] o.s.t.web.servlet.TestDispatcherServlet  : Completed initialization in 6 ms
Hibernate: insert into posts (created_date, modified_date, author, content, title) values (?, ?, ?, ?, ?)
Hibernate: select posts0_.id as id1_0_0_, posts0_.created_date as created_2_0_0_, posts0_.modified_date as modified3_0_0_, posts0_.author as author4_0_0_, posts0_.content as content5_0_0_, posts0_.title as title6_0_0_ from posts posts0_ where posts0_.id=?
Hibernate: update posts set created_date=?, modified_date=?, author=?, content=?, title=? where id=?
Hibernate: select posts0_.id as id1_0_, posts0_.created_date as created_2_0_, posts0_.modified_date as modified3_0_, posts0_.author as author4_0_, posts0_.content as content5_0_, posts0_.title as title6_0_ from posts posts0_
Hibernate: select posts0_.id as id1_0_, posts0_.created_date as created_2_0_, posts0_.modified_date as modified3_0_, posts0_.author as author4_0_, posts0_.content as content5_0_, posts0_.title as title6_0_ from posts posts0_
Hibernate: delete from posts where id=?
]]></system-out>
  <system-err><![CDATA[]]></system-err>
</testsuite>
