<?xml version="1.0" encoding="UTF-8"?>
<testsuite name="com.shop.test.HelloControllerTest" tests="2" skipped="0" failures="0" errors="0" timestamp="2022-01-13T08:56:29" hostname="DESKTOP-DPQB6QV" time="0.267">
  <properties/>
  <testcase name="hello가_리턴된다" classname="com.shop.test.HelloControllerTest" time="0.18"/>
  <testcase name="helloDto가_리턴된다" classname="com.shop.test.HelloControllerTest" time="0.086"/>
  <system-out><![CDATA[17:56:27.057 [Test worker] DEBUG org.springframework.test.context.junit4.SpringJUnit4ClassRunner - SpringJUnit4ClassRunner constructor called with [class com.shop.test.HelloControllerTest]
17:56:27.061 [Test worker] DEBUG org.springframework.test.context.BootstrapUtils - Instantiating CacheAwareContextLoaderDelegate from class [org.springframework.test.context.cache.DefaultCacheAwareContextLoaderDelegate]
17:56:27.068 [Test worker] DEBUG org.springframework.test.context.BootstrapUtils - Instantiating BootstrapContext using constructor [public org.springframework.test.context.support.DefaultBootstrapContext(java.lang.Class,org.springframework.test.context.CacheAwareContextLoaderDelegate)]
17:56:27.083 [Test worker] DEBUG org.springframework.test.context.BootstrapUtils - Instantiating TestContextBootstrapper for test class [com.shop.test.HelloControllerTest] from class [org.springframework.boot.test.autoconfigure.web.servlet.WebMvcTestContextBootstrapper]
17:56:27.096 [Test worker] INFO org.springframework.boot.test.autoconfigure.web.servlet.WebMvcTestContextBootstrapper - Neither @ContextConfiguration nor @ContextHierarchy found for test class [com.shop.test.HelloControllerTest], using SpringBootContextLoader
17:56:27.098 [Test worker] DEBUG org.springframework.test.context.support.AbstractContextLoader - Did not detect default resource location for test class [com.shop.test.HelloControllerTest]: class path resource [com/shop/test/HelloControllerTest-context.xml] does not exist
17:56:27.098 [Test worker] DEBUG org.springframework.test.context.support.AbstractContextLoader - Did not detect default resource location for test class [com.shop.test.HelloControllerTest]: class path resource [com/shop/test/HelloControllerTestContext.groovy] does not exist
17:56:27.098 [Test worker] INFO org.springframework.test.context.support.AbstractContextLoader - Could not detect default resource locations for test class [com.shop.test.HelloControllerTest]: no resource found for suffixes {-context.xml, Context.groovy}.
17:56:27.099 [Test worker] INFO org.springframework.test.context.support.AnnotationConfigContextLoaderUtils - Could not detect default configuration classes for test class [com.shop.test.HelloControllerTest]: HelloControllerTest does not declare any static, non-private, non-final, nested classes annotated with @Configuration.
17:56:27.145 [Test worker] DEBUG org.springframework.test.context.support.ActiveProfilesUtils - Could not find an 'annotation declaring class' for annotation type [org.springframework.test.context.ActiveProfiles] and class [com.shop.test.HelloControllerTest]
17:56:27.187 [Test worker] DEBUG org.springframework.context.annotation.ClassPathScanningCandidateComponentProvider - Identified candidate component class: file [C:\workspace\prac_shop\build\classes\java\main\com\shop\test\Application.class]
17:56:27.193 [Test worker] INFO org.springframework.boot.test.context.SpringBootTestContextBootstrapper - Found @SpringBootConfiguration com.shop.test.Application for test class com.shop.test.HelloControllerTest
17:56:27.194 [Test worker] DEBUG org.springframework.boot.test.autoconfigure.web.servlet.WebMvcTestContextBootstrapper - @TestExecutionListeners is not present for class [com.shop.test.HelloControllerTest]: using defaults.
17:56:27.195 [Test worker] INFO org.springframework.boot.test.autoconfigure.web.servlet.WebMvcTestContextBootstrapper - Loaded default TestExecutionListener class names from location [META-INF/spring.factories]: [org.springframework.security.test.context.support.WithSecurityContextTestExecutionListener, org.springframework.security.test.context.support.ReactorContextTestExecutionListener, org.springframework.boot.test.autoconfigure.restdocs.RestDocsTestExecutionListener, org.springframework.boot.test.autoconfigure.web.client.MockRestServiceServerResetTestExecutionListener, org.springframework.boot.test.autoconfigure.web.servlet.MockMvcPrintOnlyOnFailureTestExecutionListener, org.springframework.boot.test.autoconfigure.web.servlet.WebDriverTestExecutionListener, org.springframework.boot.test.mock.mockito.MockitoTestExecutionListener, org.springframework.boot.test.mock.mockito.ResetMocksTestExecutionListener, org.springframework.test.context.web.ServletTestExecutionListener, org.springframework.test.context.support.DirtiesContextBeforeModesTestExecutionListener, org.springframework.test.context.support.DependencyInjectionTestExecutionListener, org.springframework.test.context.support.DirtiesContextTestExecutionListener, org.springframework.test.context.transaction.TransactionalTestExecutionListener, org.springframework.test.context.jdbc.SqlScriptsTestExecutionListener]
17:56:27.210 [Test worker] INFO org.springframework.boot.test.autoconfigure.web.servlet.WebMvcTestContextBootstrapper - Using TestExecutionListeners: [org.springframework.test.context.web.ServletTestExecutionListener@50bc4f2d, org.springframework.test.context.support.DirtiesContextBeforeModesTestExecutionListener@3b435d1, org.springframework.boot.test.mock.mockito.MockitoTestExecutionListener@188718bf, org.springframework.boot.test.autoconfigure.SpringBootDependencyInjectionTestExecutionListener@53bd9b33, org.springframework.test.context.support.DirtiesContextTestExecutionListener@61ca734e, org.springframework.test.context.transaction.TransactionalTestExecutionListener@43f2c81b, org.springframework.test.context.jdbc.SqlScriptsTestExecutionListener@6310723a, org.springframework.security.test.context.support.WithSecurityContextTestExecutionListener@5ccb1968, org.springframework.security.test.context.support.ReactorContextTestExecutionListener@6e2951bc, org.springframework.boot.test.autoconfigure.restdocs.RestDocsTestExecutionListener@3bcefe72, org.springframework.boot.test.autoconfigure.web.client.MockRestServiceServerResetTestExecutionListener@5bafda93, org.springframework.boot.test.autoconfigure.web.servlet.MockMvcPrintOnlyOnFailureTestExecutionListener@5f2b98d7, org.springframework.boot.test.autoconfigure.web.servlet.WebDriverTestExecutionListener@7bab863f, org.springframework.boot.test.mock.mockito.ResetMocksTestExecutionListener@37dada56]
17:56:27.212 [Test worker] DEBUG org.springframework.test.annotation.ProfileValueUtils - Retrieved @ProfileValueSourceConfiguration [null] for test class [com.shop.test.HelloControllerTest]
17:56:27.212 [Test worker] DEBUG org.springframework.test.annotation.ProfileValueUtils - Retrieved ProfileValueSource type [class org.springframework.test.annotation.SystemProfileValueSource] for class [com.shop.test.HelloControllerTest]
17:56:27.213 [Test worker] DEBUG org.springframework.test.annotation.ProfileValueUtils - Retrieved @ProfileValueSourceConfiguration [null] for test class [com.shop.test.HelloControllerTest]
17:56:27.213 [Test worker] DEBUG org.springframework.test.annotation.ProfileValueUtils - Retrieved ProfileValueSource type [class org.springframework.test.annotation.SystemProfileValueSource] for class [com.shop.test.HelloControllerTest]
17:56:27.214 [Test worker] DEBUG org.springframework.test.annotation.ProfileValueUtils - Retrieved @ProfileValueSourceConfiguration [null] for test class [com.shop.test.HelloControllerTest]
17:56:27.214 [Test worker] DEBUG org.springframework.test.annotation.ProfileValueUtils - Retrieved ProfileValueSource type [class org.springframework.test.annotation.SystemProfileValueSource] for class [com.shop.test.HelloControllerTest]
17:56:27.215 [Test worker] DEBUG org.springframework.test.annotation.ProfileValueUtils - Retrieved @ProfileValueSourceConfiguration [null] for test class [com.shop.test.HelloControllerTest]
17:56:27.215 [Test worker] DEBUG org.springframework.test.annotation.ProfileValueUtils - Retrieved ProfileValueSource type [class org.springframework.test.annotation.SystemProfileValueSource] for class [com.shop.test.HelloControllerTest]
17:56:27.218 [Test worker] DEBUG org.springframework.test.context.support.AbstractDirtiesContextTestExecutionListener - Before test class: context [DefaultTestContext@ebdc2b1 testClass = HelloControllerTest, testInstance = [null], testMethod = [null], testException = [null], mergedContextConfiguration = [WebMergedContextConfiguration@1cfd19cf testClass = HelloControllerTest, locations = '{}', classes = '{class com.shop.test.Application}', contextInitializerClasses = '[]', activeProfiles = '{}', propertySourceLocations = '{}', propertySourceProperties = '{org.springframework.boot.test.autoconfigure.web.servlet.WebMvcTestContextBootstrapper=true}', contextCustomizers = set[org.springframework.boot.test.autoconfigure.OverrideAutoConfigurationContextCustomizerFactory$DisableAutoConfigurationContextCustomizer@1c9c225c, org.springframework.boot.test.autoconfigure.filter.TypeExcludeFiltersContextCustomizer@fc28c97, org.springframework.boot.test.autoconfigure.properties.PropertyMappingContextCustomizer@ec706077, org.springframework.boot.test.autoconfigure.web.servlet.WebDriverContextCustomizerFactory$Customizer@4145673c, [ImportsContextCustomizer@390feacd key = [org.springframework.boot.autoconfigure.cache.CacheAutoConfiguration, org.springframework.boot.autoconfigure.context.MessageSourceAutoConfiguration, org.springframework.boot.autoconfigure.data.web.SpringDataWebAutoConfiguration, org.springframework.boot.autoconfigure.freemarker.FreeMarkerAutoConfiguration, org.springframework.boot.autoconfigure.groovy.template.GroovyTemplateAutoConfiguration, org.springframework.boot.autoconfigure.gson.GsonAutoConfiguration, org.springframework.boot.autoconfigure.hateoas.HypermediaAutoConfiguration, org.springframework.boot.autoconfigure.http.HttpMessageConvertersAutoConfiguration, org.springframework.boot.autoconfigure.jackson.JacksonAutoConfiguration, org.springframework.boot.autoconfigure.jsonb.JsonbAutoConfiguration, org.springframework.boot.autoconfigure.mustache.MustacheAutoConfiguration, org.springframework.boot.autoconfigure.task.TaskExecutionAutoConfiguration, org.springframework.boot.autoconfigure.thymeleaf.ThymeleafAutoConfiguration, org.springframework.boot.autoconfigure.validation.ValidationAutoConfiguration, org.springframework.boot.autoconfigure.web.servlet.error.ErrorMvcAutoConfiguration, org.springframework.boot.autoconfigure.web.servlet.WebMvcAutoConfiguration, org.springframework.boot.test.autoconfigure.web.servlet.MockMvcAutoConfiguration, org.springframework.boot.test.autoconfigure.web.servlet.MockMvcSecurityAutoConfiguration, org.springframework.boot.test.autoconfigure.web.servlet.MockMvcWebClientAutoConfiguration, org.springframework.boot.test.autoconfigure.web.servlet.MockMvcWebDriverAutoConfiguration]], org.springframework.boot.test.context.filter.ExcludeFilterContextCustomizer@5aad697, org.springframework.boot.test.json.DuplicateJsonObjectContextCustomizerFactory$DuplicateJsonObjectContextCustomizer@423fecf8, org.springframework.boot.test.mock.mockito.MockitoContextCustomizer@0], resourceBasePath = 'src/main/webapp', contextLoader = 'org.springframework.boot.test.context.SpringBootContextLoader', parent = [null]], attributes = map[[empty]]], class annotated with @DirtiesContext [false] with mode [null].
17:56:27.219 [Test worker] DEBUG org.springframework.test.annotation.ProfileValueUtils - Retrieved @ProfileValueSourceConfiguration [null] for test class [com.shop.test.HelloControllerTest]
17:56:27.219 [Test worker] DEBUG org.springframework.test.annotation.ProfileValueUtils - Retrieved ProfileValueSource type [class org.springframework.test.annotation.SystemProfileValueSource] for class [com.shop.test.HelloControllerTest]
17:56:27.223 [Test worker] DEBUG org.springframework.test.context.support.DependencyInjectionTestExecutionListener - Performing dependency injection for test context [[DefaultTestContext@ebdc2b1 testClass = HelloControllerTest, testInstance = com.shop.test.HelloControllerTest@4175c22f, testMethod = [null], testException = [null], mergedContextConfiguration = [WebMergedContextConfiguration@1cfd19cf testClass = HelloControllerTest, locations = '{}', classes = '{class com.shop.test.Application}', contextInitializerClasses = '[]', activeProfiles = '{}', propertySourceLocations = '{}', propertySourceProperties = '{org.springframework.boot.test.autoconfigure.web.servlet.WebMvcTestContextBootstrapper=true}', contextCustomizers = set[org.springframework.boot.test.autoconfigure.OverrideAutoConfigurationContextCustomizerFactory$DisableAutoConfigurationContextCustomizer@1c9c225c, org.springframework.boot.test.autoconfigure.filter.TypeExcludeFiltersContextCustomizer@fc28c97, org.springframework.boot.test.autoconfigure.properties.PropertyMappingContextCustomizer@ec706077, org.springframework.boot.test.autoconfigure.web.servlet.WebDriverContextCustomizerFactory$Customizer@4145673c, [ImportsContextCustomizer@390feacd key = [org.springframework.boot.autoconfigure.cache.CacheAutoConfiguration, org.springframework.boot.autoconfigure.context.MessageSourceAutoConfiguration, org.springframework.boot.autoconfigure.data.web.SpringDataWebAutoConfiguration, org.springframework.boot.autoconfigure.freemarker.FreeMarkerAutoConfiguration, org.springframework.boot.autoconfigure.groovy.template.GroovyTemplateAutoConfiguration, org.springframework.boot.autoconfigure.gson.GsonAutoConfiguration, org.springframework.boot.autoconfigure.hateoas.HypermediaAutoConfiguration, org.springframework.boot.autoconfigure.http.HttpMessageConvertersAutoConfiguration, org.springframework.boot.autoconfigure.jackson.JacksonAutoConfiguration, org.springframework.boot.autoconfigure.jsonb.JsonbAutoConfiguration, org.springframework.boot.autoconfigure.mustache.MustacheAutoConfiguration, org.springframework.boot.autoconfigure.task.TaskExecutionAutoConfiguration, org.springframework.boot.autoconfigure.thymeleaf.ThymeleafAutoConfiguration, org.springframework.boot.autoconfigure.validation.ValidationAutoConfiguration, org.springframework.boot.autoconfigure.web.servlet.error.ErrorMvcAutoConfiguration, org.springframework.boot.autoconfigure.web.servlet.WebMvcAutoConfiguration, org.springframework.boot.test.autoconfigure.web.servlet.MockMvcAutoConfiguration, org.springframework.boot.test.autoconfigure.web.servlet.MockMvcSecurityAutoConfiguration, org.springframework.boot.test.autoconfigure.web.servlet.MockMvcWebClientAutoConfiguration, org.springframework.boot.test.autoconfigure.web.servlet.MockMvcWebDriverAutoConfiguration]], org.springframework.boot.test.context.filter.ExcludeFilterContextCustomizer@5aad697, org.springframework.boot.test.json.DuplicateJsonObjectContextCustomizerFactory$DuplicateJsonObjectContextCustomizer@423fecf8, org.springframework.boot.test.mock.mockito.MockitoContextCustomizer@0], resourceBasePath = 'src/main/webapp', contextLoader = 'org.springframework.boot.test.context.SpringBootContextLoader', parent = [null]], attributes = map[[empty]]]].
17:56:27.322 [Test worker] DEBUG org.springframework.test.context.support.TestPropertySourceUtils - Adding inlined properties to environment: {spring.jmx.enabled=false, org.springframework.boot.test.autoconfigure.web.servlet.WebMvcTestContextBootstrapper=true, server.port=-1}

  .   ____          _            __ _ _
 /\\ / ___'_ __ _ _(_)_ __  __ _ \ \ \ \
( ( )\___ | '_ | '_| | '_ \/ _` | \ \ \ \
 \\/  ___)| |_)| | | | | || (_| |  ) ) ) )
  '  |____| .__|_| |_|_| |_\__, | / / / /
 =========|_|==============|___/=/_/_/_/
 :: Spring Boot ::        (v2.1.7.RELEASE)

2022-01-13 17:56:27.498  INFO 15916 --- [    Test worker] com.shop.test.HelloControllerTest        : Starting HelloControllerTest on DESKTOP-DPQB6QV with PID 15916 (started by user in C:\workspace\prac_shop)
2022-01-13 17:56:27.501  INFO 15916 --- [    Test worker] com.shop.test.HelloControllerTest        : No active profile set, falling back to default profiles: default
2022-01-13 17:56:28.537  INFO 15916 --- [    Test worker] o.s.s.concurrent.ThreadPoolTaskExecutor  : Initializing ExecutorService 'applicationTaskExecutor'
2022-01-13 17:56:28.607  INFO 15916 --- [    Test worker] o.s.b.a.w.s.WelcomePageHandlerMapping    : Adding welcome page template: index
2022-01-13 17:56:28.834  INFO 15916 --- [    Test worker] .s.s.UserDetailsServiceAutoConfiguration : 

Using generated security password: 7dc7e2d1-b8ff-4b10-a436-53297c2712f5

2022-01-13 17:56:29.042  INFO 15916 --- [    Test worker] o.s.s.web.DefaultSecurityFilterChain     : Creating filter chain: any request, [org.springframework.security.web.context.request.async.WebAsyncManagerIntegrationFilter@7e8a7539, org.springframework.security.web.context.SecurityContextPersistenceFilter@6135af6e, org.springframework.security.web.header.HeaderWriterFilter@3eb95694, org.springframework.security.web.csrf.CsrfFilter@53b796bb, org.springframework.security.web.authentication.logout.LogoutFilter@4d342422, org.springframework.security.web.authentication.UsernamePasswordAuthenticationFilter@5369307b, org.springframework.security.web.authentication.ui.DefaultLoginPageGeneratingFilter@5cc04536, org.springframework.security.web.authentication.ui.DefaultLogoutPageGeneratingFilter@35105f78, org.springframework.security.web.authentication.www.BasicAuthenticationFilter@28a22bf2, org.springframework.security.web.savedrequest.RequestCacheAwareFilter@79dbe053, org.springframework.security.web.servletapi.SecurityContextHolderAwareRequestFilter@47c8f90, org.springframework.security.web.authentication.AnonymousAuthenticationFilter@43582fcb, org.springframework.security.web.session.SessionManagementFilter@5baa645c, org.springframework.security.web.access.ExceptionTranslationFilter@2adbdb8, org.springframework.security.web.access.intercept.FilterSecurityInterceptor@3f1cd25]
2022-01-13 17:56:29.077  INFO 15916 --- [    Test worker] o.s.b.t.m.w.SpringBootMockServletContext : Initializing Spring TestDispatcherServlet ''
2022-01-13 17:56:29.077  INFO 15916 --- [    Test worker] o.s.t.web.servlet.TestDispatcherServlet  : Initializing Servlet ''
2022-01-13 17:56:29.087  INFO 15916 --- [    Test worker] o.s.t.web.servlet.TestDispatcherServlet  : Completed initialization in 10 ms
2022-01-13 17:56:29.121  INFO 15916 --- [    Test worker] com.shop.test.HelloControllerTest        : Started HelloControllerTest in 1.793 seconds (JVM running for 2.765)
]]></system-out>
  <system-err><![CDATA[]]></system-err>
</testsuite>
