<?xml version="1.0" encoding="UTF-8"?>
<testsuite name="com.shop.test.dto.HelloResponseDtoTest" tests="1" skipped="0" failures="0" errors="0" timestamp="2022-01-13T08:56:36" hostname="DESKTOP-DPQB6QV" time="0.006">
  <properties/>
  <testcase name="롬복_기능_테스트" classname="com.shop.test.dto.HelloResponseDtoTest" time="0.006"/>
  <system-out><![CDATA[]]></system-out>
  <system-err><![CDATA[]]></system-err>
</testsuite>
