<?xml version="1.0" encoding="UTF-8"?>
<testsuite name="com.shop.test.web.IndexControllerTest" tests="1" skipped="0" failures="0" errors="0" timestamp="2022-01-13T08:56:40" hostname="DESKTOP-DPQB6QV" time="0.432">
  <properties/>
  <testcase name="메인페이지_로딩" classname="com.shop.test.web.IndexControllerTest" time="0.432"/>
  <system-out><![CDATA[2022-01-13 17:56:36.387  INFO 15916 --- [    Test worker] .b.t.c.SpringBootTestContextBootstrapper : Neither @ContextConfiguration nor @ContextHierarchy found for test class [com.shop.test.web.IndexControllerTest], using SpringBootContextLoader
2022-01-13 17:56:36.388  INFO 15916 --- [    Test worker] o.s.t.c.support.AbstractContextLoader    : Could not detect default resource locations for test class [com.shop.test.web.IndexControllerTest]: no resource found for suffixes {-context.xml, Context.groovy}.
2022-01-13 17:56:36.388  INFO 15916 --- [    Test worker] t.c.s.AnnotationConfigContextLoaderUtils : Could not detect default configuration classes for test class [com.shop.test.web.IndexControllerTest]: IndexControllerTest does not declare any static, non-private, non-final, nested classes annotated with @Configuration.
2022-01-13 17:56:36.405  INFO 15916 --- [    Test worker] .b.t.c.SpringBootTestContextBootstrapper : Found @SpringBootConfiguration com.shop.test.Application for test class com.shop.test.web.IndexControllerTest
2022-01-13 17:56:36.408  INFO 15916 --- [    Test worker] .b.t.c.SpringBootTestContextBootstrapper : Loaded default TestExecutionListener class names from location [META-INF/spring.factories]: [org.springframework.security.test.context.support.WithSecurityContextTestExecutionListener, org.springframework.security.test.context.support.ReactorContextTestExecutionListener, org.springframework.boot.test.autoconfigure.restdocs.RestDocsTestExecutionListener, org.springframework.boot.test.autoconfigure.web.client.MockRestServiceServerResetTestExecutionListener, org.springframework.boot.test.autoconfigure.web.servlet.MockMvcPrintOnlyOnFailureTestExecutionListener, org.springframework.boot.test.autoconfigure.web.servlet.WebDriverTestExecutionListener, org.springframework.boot.test.mock.mockito.MockitoTestExecutionListener, org.springframework.boot.test.mock.mockito.ResetMocksTestExecutionListener, org.springframework.test.context.web.ServletTestExecutionListener, org.springframework.test.context.support.DirtiesContextBeforeModesTestExecutionListener, org.springframework.test.context.support.DependencyInjectionTestExecutionListener, org.springframework.test.context.support.DirtiesContextTestExecutionListener, org.springframework.test.context.transaction.TransactionalTestExecutionListener, org.springframework.test.context.jdbc.SqlScriptsTestExecutionListener]
2022-01-13 17:56:36.410  INFO 15916 --- [    Test worker] .b.t.c.SpringBootTestContextBootstrapper : Using TestExecutionListeners: [org.springframework.test.context.web.ServletTestExecutionListener@8453547, org.springframework.test.context.support.DirtiesContextBeforeModesTestExecutionListener@4f8baddc, org.springframework.boot.test.mock.mockito.MockitoTestExecutionListener@1086450a, org.springframework.boot.test.autoconfigure.SpringBootDependencyInjectionTestExecutionListener@39011da0, org.springframework.test.context.support.DirtiesContextTestExecutionListener@18cff8ca, org.springframework.test.context.transaction.TransactionalTestExecutionListener@ab85342, org.springframework.test.context.jdbc.SqlScriptsTestExecutionListener@28b4f90a, org.springframework.security.test.context.support.WithSecurityContextTestExecutionListener@19690da1, org.springframework.security.test.context.support.ReactorContextTestExecutionListener@7e07afee, org.springframework.boot.test.autoconfigure.restdocs.RestDocsTestExecutionListener@366dc12f, org.springframework.boot.test.autoconfigure.web.client.MockRestServiceServerResetTestExecutionListener@399e1241, org.springframework.boot.test.autoconfigure.web.servlet.MockMvcPrintOnlyOnFailureTestExecutionListener@68cb04d6, org.springframework.boot.test.autoconfigure.web.servlet.WebDriverTestExecutionListener@2bf0befe, org.springframework.boot.test.mock.mockito.ResetMocksTestExecutionListener@73cc7616]

  .   ____          _            __ _ _
 /\\ / ___'_ __ _ _(_)_ __  __ _ \ \ \ \
( ( )\___ | '_ | '_| | '_ \/ _` | \ \ \ \
 \\/  ___)| |_)| | | | | || (_| |  ) ) ) )
  '  |____| .__|_| |_|_| |_\__, | / / / /
 =========|_|==============|___/=/_/_/_/
 :: Spring Boot ::        (v2.1.7.RELEASE)

2022-01-13 17:56:36.477  INFO 15916 --- [    Test worker] com.shop.test.web.IndexControllerTest    : Starting IndexControllerTest on DESKTOP-DPQB6QV with PID 15916 (started by user in C:\workspace\prac_shop)
2022-01-13 17:56:36.477  INFO 15916 --- [    Test worker] com.shop.test.web.IndexControllerTest    : No active profile set, falling back to default profiles: default
2022-01-13 17:56:36.889  INFO 15916 --- [    Test worker] .s.d.r.c.RepositoryConfigurationDelegate : Bootstrapping Spring Data repositories in DEFAULT mode.
2022-01-13 17:56:36.928  INFO 15916 --- [    Test worker] .s.d.r.c.RepositoryConfigurationDelegate : Finished Spring Data repository scanning in 39ms. Found 2 repository interfaces.
2022-01-13 17:56:37.096  INFO 15916 --- [    Test worker] trationDelegate$BeanPostProcessorChecker : Bean 'org.springframework.transaction.annotation.ProxyTransactionManagementConfiguration' of type [org.springframework.transaction.annotation.ProxyTransactionManagementConfiguration$$EnhancerBySpringCGLIB$$53d9916d] is not eligible for getting processed by all BeanPostProcessors (for example: not eligible for auto-proxying)
2022-01-13 17:56:37.553  INFO 15916 --- [    Test worker] o.s.b.w.embedded.tomcat.TomcatWebServer  : Tomcat initialized with port(s): 0 (http)
2022-01-13 17:56:37.601  INFO 15916 --- [    Test worker] o.apache.catalina.core.StandardService   : Starting service [Tomcat]
2022-01-13 17:56:37.602  INFO 15916 --- [    Test worker] org.apache.catalina.core.StandardEngine  : Starting Servlet engine: [Apache Tomcat/9.0.22]
2022-01-13 17:56:37.882  INFO 15916 --- [    Test worker] o.a.c.c.C.[Tomcat].[localhost].[/]       : Initializing Spring embedded WebApplicationContext
2022-01-13 17:56:37.883  INFO 15916 --- [    Test worker] o.s.web.context.ContextLoader            : Root WebApplicationContext: initialization completed in 1404 ms
2022-01-13 17:56:38.228  INFO 15916 --- [    Test worker] com.zaxxer.hikari.HikariDataSource       : HikariPool-2 - Starting...
2022-01-13 17:56:38.231  INFO 15916 --- [    Test worker] com.zaxxer.hikari.HikariDataSource       : HikariPool-2 - Start completed.
2022-01-13 17:56:38.315  INFO 15916 --- [    Test worker] o.hibernate.jpa.internal.util.LogHelper  : HHH000204: Processing PersistenceUnitInfo [
	name: default
	...]
2022-01-13 17:56:38.340  INFO 15916 --- [    Test worker] org.hibernate.dialect.Dialect            : HHH000400: Using dialect: org.hibernate.dialect.MySQL5InnoDBDialect
Hibernate: drop table if exists posts
Hibernate: drop table if exists user
Hibernate: create table posts (id bigint not null auto_increment, created_date datetime, modified_date datetime, author varchar(255), content TEXT not null, title varchar(500) not null, primary key (id)) engine=InnoDB
Hibernate: create table user (id bigint not null auto_increment, created_date datetime, modified_date datetime, email varchar(255) not null, name varchar(255) not null, picture varchar(255), role varchar(255) not null, primary key (id)) engine=InnoDB
2022-01-13 17:56:38.457  INFO 15916 --- [    Test worker] o.h.t.schema.internal.SchemaCreatorImpl  : HHH000476: Executing import script 'org.hibernate.tool.schema.internal.exec.ScriptSourceInputNonExistentImpl@1170127d'
2022-01-13 17:56:38.457  INFO 15916 --- [    Test worker] j.LocalContainerEntityManagerFactoryBean : Initialized JPA EntityManagerFactory for persistence unit 'default'
2022-01-13 17:56:39.057  INFO 15916 --- [    Test worker] o.h.h.i.QueryTranslatorFactoryInitiator  : HHH000397: Using ASTQueryTranslatorFactory
2022-01-13 17:56:39.425  INFO 15916 --- [    Test worker] o.s.s.web.DefaultSecurityFilterChain     : Creating filter chain: any request, [org.springframework.security.web.context.request.async.WebAsyncManagerIntegrationFilter@5cb0e21f, org.springframework.security.web.context.SecurityContextPersistenceFilter@7cc0f13b, org.springframework.security.web.header.HeaderWriterFilter@3104ab33, org.springframework.security.web.authentication.logout.LogoutFilter@a3c3beb, org.springframework.security.oauth2.client.web.OAuth2AuthorizationRequestRedirectFilter@196d760b, org.springframework.security.oauth2.client.web.OAuth2LoginAuthenticationFilter@6a5ff08f, org.springframework.security.web.authentication.ui.DefaultLoginPageGeneratingFilter@718e45c8, org.springframework.security.web.authentication.ui.DefaultLogoutPageGeneratingFilter@53004760, org.springframework.security.web.savedrequest.RequestCacheAwareFilter@38981417, org.springframework.security.web.servletapi.SecurityContextHolderAwareRequestFilter@2cd17d04, org.springframework.security.web.authentication.AnonymousAuthenticationFilter@212fbe25, org.springframework.security.web.session.SessionManagementFilter@323df7e9, org.springframework.security.web.access.ExceptionTranslationFilter@132af6d2, org.springframework.security.web.access.intercept.FilterSecurityInterceptor@930d1f8]
2022-01-13 17:56:39.801  INFO 15916 --- [    Test worker] o.s.s.concurrent.ThreadPoolTaskExecutor  : Initializing ExecutorService 'applicationTaskExecutor'
2022-01-13 17:56:39.825  WARN 15916 --- [    Test worker] aWebConfiguration$JpaWebMvcConfiguration : spring.jpa.open-in-view is enabled by default. Therefore, database queries may be performed during view rendering. Explicitly configure spring.jpa.open-in-view to disable this warning
2022-01-13 17:56:39.887  INFO 15916 --- [    Test worker] o.s.b.a.w.s.WelcomePageHandlerMapping    : Adding welcome page template: index
2022-01-13 17:56:40.746  INFO 15916 --- [    Test worker] s.a.ScheduledAnnotationBeanPostProcessor : No TaskScheduler/ScheduledExecutorService bean found for scheduled processing
2022-01-13 17:56:40.800  INFO 15916 --- [    Test worker] o.s.b.w.embedded.tomcat.TomcatWebServer  : Tomcat started on port(s): 49276 (http) with context path ''
2022-01-13 17:56:40.802  INFO 15916 --- [    Test worker] com.shop.test.web.IndexControllerTest    : Started IndexControllerTest in 4.389 seconds (JVM running for 14.447)
2022-01-13 17:56:41.045  INFO 15916 --- [o-auto-1-exec-1] o.a.c.c.C.[Tomcat].[localhost].[/]       : Initializing Spring DispatcherServlet 'dispatcherServlet'
2022-01-13 17:56:41.046  INFO 15916 --- [o-auto-1-exec-1] o.s.web.servlet.DispatcherServlet        : Initializing Servlet 'dispatcherServlet'
2022-01-13 17:56:41.086  INFO 15916 --- [o-auto-1-exec-1] o.s.web.servlet.DispatcherServlet        : Completed initialization in 40 ms
Hibernate: select posts0_.id as id1_0_, posts0_.created_date as created_2_0_, posts0_.modified_date as modified3_0_, posts0_.author as author4_0_, posts0_.content as content5_0_, posts0_.title as title6_0_ from posts posts0_ order by posts0_.id DESC
]]></system-out>
  <system-err><![CDATA[]]></system-err>
</testsuite>
